2019-08-18 00:06:34:669 [http-nio-8080-exec-9] DEBUG c.i.o.d.L.queryLocalAuthByUserNameAndPwd - ==>  Preparing: SELECT l.local_auth_id, l.username, l.password, l.create_time, l.last_edit_time, p.user_id, p.name, p.profile_img, p.email, p.gender, p.enable_status, p.user_type, p.create_time, p.last_edit_time FROM tb_local_auth l LEFT JOIN tb_person_info p ON l.user_id = p.user_id WHERE l.username=? AND l.password =? 
2019-08-18 00:06:34:751 [http-nio-8080-exec-9] DEBUG c.i.o.d.L.queryLocalAuthByUserNameAndPwd - ==> Parameters: 1234(String), ll2q26s2s59e50bqs6qyss0esb2b552e(String)
2019-08-18 00:06:34:826 [http-nio-8080-exec-9] DEBUG c.i.o.d.L.queryLocalAuthByUserNameAndPwd - <==      Total: 0
2019-08-18 00:06:40:499 [http-nio-8080-exec-3] DEBUG c.i.o.d.L.queryLocalAuthByUserNameAndPwd - ==>  Preparing: SELECT l.local_auth_id, l.username, l.password, l.create_time, l.last_edit_time, p.user_id, p.name, p.profile_img, p.email, p.gender, p.enable_status, p.user_type, p.create_time, p.last_edit_time FROM tb_local_auth l LEFT JOIN tb_person_info p ON l.user_id = p.user_id WHERE l.username=? AND l.password =? 
2019-08-18 00:06:40:500 [http-nio-8080-exec-3] DEBUG c.i.o.d.L.queryLocalAuthByUserNameAndPwd - ==> Parameters: 1234(String), 50seqlsl95s52se55566sls5606ss599(String)
2019-08-18 00:06:40:540 [http-nio-8080-exec-3] DEBUG c.i.o.d.L.queryLocalAuthByUserNameAndPwd - <==      Total: 1
2019-08-18 00:06:40:930 [http-nio-8080-exec-1] DEBUG com.imooc.o2o.dao.ShopDao.queryShopList - ==>  Preparing: SELECT s.shop_id, s.shop_name, s.shop_desc, s.shop_addr, s.phone, s.shop_img, s.priority, s.create_time, s.last_edit_time, s.enable_status, s.advice, a.area_id, a.area_name, sc.shop_category_id, sc.shop_category_name FROM tb_shop s, tb_area a, tb_shop_category sc WHERE s.owner_id = ? AND s.area_id = a.area_id AND s.shop_category_id = sc.shop_category_id ORDER BY s.priority DESC LIMIT ?,?; 
2019-08-18 00:06:40:931 [http-nio-8080-exec-1] DEBUG com.imooc.o2o.dao.ShopDao.queryShopList - ==> Parameters: 1(Long), 0(Integer), 100(Integer)
2019-08-18 00:06:41:29 [http-nio-8080-exec-1] DEBUG com.imooc.o2o.dao.ShopDao.queryShopList - <==      Total: 24
2019-08-18 00:06:41:30 [http-nio-8080-exec-1] DEBUG com.imooc.o2o.dao.ShopDao.queryShopCount - ==>  Preparing: SELECT count(1) FROM tb_shop s, tb_area a, tb_shop_category sc WHERE s.owner_id = ? AND s.area_id = a.area_id AND s.shop_category_id = sc.shop_category_id 
2019-08-18 00:06:41:31 [http-nio-8080-exec-1] DEBUG com.imooc.o2o.dao.ShopDao.queryShopCount - ==> Parameters: 1(Long)
2019-08-18 00:06:41:69 [http-nio-8080-exec-1] DEBUG com.imooc.o2o.dao.ShopDao.queryShopCount - <==      Total: 1
2019-08-18 00:06:45:468 [http-nio-8080-exec-3] DEBUG c.i.o.d.S.queryShopAuthMapListByShopId - ==>  Preparing: SELECT smap.shop_auth_id, smap.title, smap.title_flag, smap.create_time, smap.last_edit_time, smap.enable_status, p.user_id, p.name, s.shop_id, s.shop_name FROM tb_shop_auth_map smap, tb_person_info p, tb_shop s WHERE smap.employee_id = p.user_id AND smap.shop_id = s.shop_id AND smap.shop_id = ? LIMIT ?,?; 
2019-08-18 00:06:45:471 [http-nio-8080-exec-3] DEBUG c.i.o.d.S.queryShopAuthMapListByShopId - ==> Parameters: 2(Long), 0(Integer), 9999(Integer)
2019-08-18 00:06:45:533 [http-nio-8080-exec-3] DEBUG c.i.o.d.S.queryShopAuthMapListByShopId - <==      Total: 0
2019-08-18 00:06:45:534 [http-nio-8080-exec-3] DEBUG c.i.o.d.ShopAuthMapDao.queryShopAuthCountByShopId - ==>  Preparing: SELECT count(1) FROM tb_shop_auth_map smap, tb_person_info p, tb_shop s WHERE smap.employee_id = p.user_id AND smap.shop_id = s.shop_id AND smap.shop_id = ? 
2019-08-18 00:06:45:538 [http-nio-8080-exec-3] DEBUG c.i.o.d.ShopAuthMapDao.queryShopAuthCountByShopId - ==> Parameters: 2(Long)
2019-08-18 00:06:45:571 [http-nio-8080-exec-3] DEBUG c.i.o.d.ShopAuthMapDao.queryShopAuthCountByShopId - <==      Total: 1
2019-08-18 00:09:29:542 [http-nio-8080-exec-4] DEBUG com.imooc.o2o.dao.ShopDao.queryShopList - ==>  Preparing: SELECT s.shop_id, s.shop_name, s.shop_desc, s.shop_addr, s.phone, s.shop_img, s.priority, s.create_time, s.last_edit_time, s.enable_status, s.advice, a.area_id, a.area_name, sc.shop_category_id, sc.shop_category_name FROM tb_shop s, tb_area a, tb_shop_category sc WHERE s.owner_id = ? AND s.area_id = a.area_id AND s.shop_category_id = sc.shop_category_id ORDER BY s.priority DESC LIMIT ?,?; 
2019-08-18 00:09:29:543 [http-nio-8080-exec-4] DEBUG com.imooc.o2o.dao.ShopDao.queryShopList - ==> Parameters: 1(Long), 0(Integer), 100(Integer)
2019-08-18 00:09:29:614 [http-nio-8080-exec-4] DEBUG com.imooc.o2o.dao.ShopDao.queryShopList - <==      Total: 24
2019-08-18 00:09:29:615 [http-nio-8080-exec-4] DEBUG com.imooc.o2o.dao.ShopDao.queryShopCount - ==>  Preparing: SELECT count(1) FROM tb_shop s, tb_area a, tb_shop_category sc WHERE s.owner_id = ? AND s.area_id = a.area_id AND s.shop_category_id = sc.shop_category_id 
2019-08-18 00:09:29:615 [http-nio-8080-exec-4] DEBUG com.imooc.o2o.dao.ShopDao.queryShopCount - ==> Parameters: 1(Long)
2019-08-18 00:09:29:648 [http-nio-8080-exec-4] DEBUG com.imooc.o2o.dao.ShopDao.queryShopCount - <==      Total: 1
2019-08-18 00:09:32:479 [http-nio-8080-exec-3] DEBUG c.i.o.d.S.queryShopAuthMapListByShopId - ==>  Preparing: SELECT smap.shop_auth_id, smap.title, smap.title_flag, smap.create_time, smap.last_edit_time, smap.enable_status, p.user_id, p.name, s.shop_id, s.shop_name FROM tb_shop_auth_map smap, tb_person_info p, tb_shop s WHERE smap.employee_id = p.user_id AND smap.shop_id = s.shop_id AND smap.shop_id = ? LIMIT ?,?; 
2019-08-18 00:09:32:480 [http-nio-8080-exec-3] DEBUG c.i.o.d.S.queryShopAuthMapListByShopId - ==> Parameters: 1(Long), 0(Integer), 9999(Integer)
2019-08-18 00:09:32:515 [http-nio-8080-exec-3] DEBUG c.i.o.d.S.queryShopAuthMapListByShopId - <==      Total: 2
2019-08-18 00:09:32:516 [http-nio-8080-exec-3] DEBUG c.i.o.d.ShopAuthMapDao.queryShopAuthCountByShopId - ==>  Preparing: SELECT count(1) FROM tb_shop_auth_map smap, tb_person_info p, tb_shop s WHERE smap.employee_id = p.user_id AND smap.shop_id = s.shop_id AND smap.shop_id = ? 
2019-08-18 00:09:32:519 [http-nio-8080-exec-3] DEBUG c.i.o.d.ShopAuthMapDao.queryShopAuthCountByShopId - ==> Parameters: 1(Long)
2019-08-18 00:09:32:555 [http-nio-8080-exec-3] DEBUG c.i.o.d.ShopAuthMapDao.queryShopAuthCountByShopId - <==      Total: 1
2019-08-18 00:11:10:226 [http-nio-8080-exec-5] DEBUG c.i.o.d.S.queryShopAuthMapListByShopId - ==>  Preparing: SELECT smap.shop_auth_id, smap.title, smap.title_flag, smap.create_time, smap.last_edit_time, smap.enable_status, p.user_id, p.name, s.shop_id, s.shop_name FROM tb_shop_auth_map smap, tb_person_info p, tb_shop s WHERE smap.employee_id = p.user_id AND smap.shop_id = s.shop_id AND smap.shop_id = ? LIMIT ?,?; 
2019-08-18 00:11:10:227 [http-nio-8080-exec-5] DEBUG c.i.o.d.S.queryShopAuthMapListByShopId - ==> Parameters: 1(Long), 0(Integer), 9999(Integer)
2019-08-18 00:11:10:262 [http-nio-8080-exec-5] DEBUG c.i.o.d.S.queryShopAuthMapListByShopId - <==      Total: 2
2019-08-18 00:11:10:263 [http-nio-8080-exec-5] DEBUG c.i.o.d.ShopAuthMapDao.queryShopAuthCountByShopId - ==>  Preparing: SELECT count(1) FROM tb_shop_auth_map smap, tb_person_info p, tb_shop s WHERE smap.employee_id = p.user_id AND smap.shop_id = s.shop_id AND smap.shop_id = ? 
2019-08-18 00:11:10:264 [http-nio-8080-exec-5] DEBUG c.i.o.d.ShopAuthMapDao.queryShopAuthCountByShopId - ==> Parameters: 1(Long)
2019-08-18 00:11:10:296 [http-nio-8080-exec-5] DEBUG c.i.o.d.ShopAuthMapDao.queryShopAuthCountByShopId - <==      Total: 1
2019-08-18 00:12:24:362 [http-nio-8080-exec-10] DEBUG c.i.o.d.S.queryShopAuthMapListByShopId - ==>  Preparing: SELECT smap.shop_auth_id, smap.title, smap.title_flag, smap.create_time, smap.last_edit_time, smap.enable_status, p.user_id, p.name, s.shop_id, s.shop_name FROM tb_shop_auth_map smap, tb_person_info p, tb_shop s WHERE smap.employee_id = p.user_id AND smap.shop_id = s.shop_id AND smap.shop_id = ? LIMIT ?,?; 
2019-08-18 00:12:24:363 [http-nio-8080-exec-10] DEBUG c.i.o.d.S.queryShopAuthMapListByShopId - ==> Parameters: 1(Long), 0(Integer), 9999(Integer)
2019-08-18 00:12:24:403 [http-nio-8080-exec-10] DEBUG c.i.o.d.S.queryShopAuthMapListByShopId - <==      Total: 2
2019-08-18 00:12:24:404 [http-nio-8080-exec-10] DEBUG c.i.o.d.ShopAuthMapDao.queryShopAuthCountByShopId - ==>  Preparing: SELECT count(1) FROM tb_shop_auth_map smap, tb_person_info p, tb_shop s WHERE smap.employee_id = p.user_id AND smap.shop_id = s.shop_id AND smap.shop_id = ? 
2019-08-18 00:12:24:405 [http-nio-8080-exec-10] DEBUG c.i.o.d.ShopAuthMapDao.queryShopAuthCountByShopId - ==> Parameters: 1(Long)
2019-08-18 00:12:24:437 [http-nio-8080-exec-10] DEBUG c.i.o.d.ShopAuthMapDao.queryShopAuthCountByShopId - <==      Total: 1
2019-08-18 00:12:55:232 [http-nio-8080-exec-3] DEBUG c.i.o.d.S.queryShopAuthMapListByShopId - ==>  Preparing: SELECT smap.shop_auth_id, smap.title, smap.title_flag, smap.create_time, smap.last_edit_time, smap.enable_status, p.user_id, p.name, s.shop_id, s.shop_name FROM tb_shop_auth_map smap, tb_person_info p, tb_shop s WHERE smap.employee_id = p.user_id AND smap.shop_id = s.shop_id AND smap.shop_id = ? LIMIT ?,?; 
2019-08-18 00:12:55:233 [http-nio-8080-exec-3] DEBUG c.i.o.d.S.queryShopAuthMapListByShopId - ==> Parameters: 1(Long), 0(Integer), 9999(Integer)
2019-08-18 00:12:55:266 [http-nio-8080-exec-3] DEBUG c.i.o.d.S.queryShopAuthMapListByShopId - <==      Total: 2
2019-08-18 00:12:55:267 [http-nio-8080-exec-3] DEBUG c.i.o.d.ShopAuthMapDao.queryShopAuthCountByShopId - ==>  Preparing: SELECT count(1) FROM tb_shop_auth_map smap, tb_person_info p, tb_shop s WHERE smap.employee_id = p.user_id AND smap.shop_id = s.shop_id AND smap.shop_id = ? 
2019-08-18 00:12:55:269 [http-nio-8080-exec-3] DEBUG c.i.o.d.ShopAuthMapDao.queryShopAuthCountByShopId - ==> Parameters: 1(Long)
2019-08-18 00:12:55:303 [http-nio-8080-exec-3] DEBUG c.i.o.d.ShopAuthMapDao.queryShopAuthCountByShopId - <==      Total: 1
2019-08-18 00:14:34:485 [http-nio-8080-exec-5] DEBUG c.i.o.d.S.queryShopAuthMapListByShopId - ==>  Preparing: SELECT smap.shop_auth_id, smap.title, smap.title_flag, smap.create_time, smap.last_edit_time, smap.enable_status, p.user_id, p.name, s.shop_id, s.shop_name FROM tb_shop_auth_map smap, tb_person_info p, tb_shop s WHERE smap.employee_id = p.user_id AND smap.shop_id = s.shop_id AND smap.shop_id = ? LIMIT ?,?; 
2019-08-18 00:14:34:487 [http-nio-8080-exec-5] DEBUG c.i.o.d.S.queryShopAuthMapListByShopId - ==> Parameters: 1(Long), 0(Integer), 9999(Integer)
2019-08-18 00:14:34:524 [http-nio-8080-exec-5] DEBUG c.i.o.d.S.queryShopAuthMapListByShopId - <==      Total: 2
2019-08-18 00:14:34:524 [http-nio-8080-exec-5] DEBUG c.i.o.d.ShopAuthMapDao.queryShopAuthCountByShopId - ==>  Preparing: SELECT count(1) FROM tb_shop_auth_map smap, tb_person_info p, tb_shop s WHERE smap.employee_id = p.user_id AND smap.shop_id = s.shop_id AND smap.shop_id = ? 
2019-08-18 00:14:34:525 [http-nio-8080-exec-5] DEBUG c.i.o.d.ShopAuthMapDao.queryShopAuthCountByShopId - ==> Parameters: 1(Long)
2019-08-18 00:14:34:559 [http-nio-8080-exec-5] DEBUG c.i.o.d.ShopAuthMapDao.queryShopAuthCountByShopId - <==      Total: 1
2019-08-18 02:02:08:558 [main] DEBUG com.imooc.o2o.O2oApplication - Running with Spring Boot v2.1.7.RELEASE, Spring v5.1.9.RELEASE
