2019-08-25 00:09:16:17 [main] DEBUG com.imooc.o2o.O2oApplication - Running with Spring Boot v2.1.7.RELEASE, Spring v5.1.9.RELEASE
2019-08-25 00:10:09:240 [http-nio-8080-exec-7] DEBUG c.i.o.d.L.queryLocalAuthByUserNameAndPwd - ==>  Preparing: SELECT l.local_auth_id, l.username, l.password, l.create_time, l.last_edit_time, p.user_id, p.name, p.profile_img, p.email, p.gender, p.enable_status, p.user_type, p.create_time, p.last_edit_time FROM tb_local_auth l LEFT JOIN tb_person_info p ON l.user_id = p.user_id WHERE l.username=? AND l.password =? 
2019-08-25 00:10:09:293 [http-nio-8080-exec-7] DEBUG c.i.o.d.L.queryLocalAuthByUserNameAndPwd - ==> Parameters: 1234(String), 50seqlsl95s52se55566sls5606ss599(String)
2019-08-25 00:10:09:391 [http-nio-8080-exec-7] DEBUG c.i.o.d.L.queryLocalAuthByUserNameAndPwd - <==      Total: 1
2019-08-25 00:10:09:886 [http-nio-8080-exec-2] DEBUG com.imooc.o2o.dao.ShopDao.queryShopList - ==>  Preparing: SELECT s.shop_id, s.shop_name, s.shop_desc, s.shop_addr, s.phone, s.shop_img, s.priority, s.create_time, s.last_edit_time, s.enable_status, s.advice, a.area_id, a.area_name, sc.shop_category_id, sc.shop_category_name FROM tb_shop s, tb_area a, tb_shop_category sc WHERE s.owner_id = ? AND s.area_id = a.area_id AND s.shop_category_id = sc.shop_category_id ORDER BY s.priority DESC LIMIT ?,?; 
2019-08-25 00:10:09:887 [http-nio-8080-exec-2] DEBUG com.imooc.o2o.dao.ShopDao.queryShopList - ==> Parameters: 1(Long), 0(Integer), 100(Integer)
2019-08-25 00:10:09:948 [http-nio-8080-exec-2] DEBUG com.imooc.o2o.dao.ShopDao.queryShopList - <==      Total: 24
2019-08-25 00:10:09:949 [http-nio-8080-exec-2] DEBUG com.imooc.o2o.dao.ShopDao.queryShopCount - ==>  Preparing: SELECT count(1) FROM tb_shop s, tb_area a, tb_shop_category sc WHERE s.owner_id = ? AND s.area_id = a.area_id AND s.shop_category_id = sc.shop_category_id 
2019-08-25 00:10:09:950 [http-nio-8080-exec-2] DEBUG com.imooc.o2o.dao.ShopDao.queryShopCount - ==> Parameters: 1(Long)
2019-08-25 00:10:09:984 [http-nio-8080-exec-2] DEBUG com.imooc.o2o.dao.ShopDao.queryShopCount - <==      Total: 1
2019-08-25 00:10:12:955 [http-nio-8080-exec-2] DEBUG c.i.o.d.UserProductMapDao.queryUserProductMapList - ==>  Preparing: SELECT upm.user_product_id, upm.create_time, upm.point, buyer.user_id, buyer.name, s.shop_id, s.shop_name, p.product_id, p.product_name, operator.user_id AS operator_id, operator.name FROM tb_user_product_map upm, tb_person_info buyer, tb_shop s, tb_product p, tb_person_info operator WHERE upm.user_id = buyer.user_id and upm.shop_id = s.shop_id and upm.product_id =p.product_id and upm.operator_id = operator.user_id and upm.shop_id = ? ORDER BY upm.create_time desc LIMIT ?,?; 
2019-08-25 00:10:12:956 [http-nio-8080-exec-2] DEBUG c.i.o.d.UserProductMapDao.queryUserProductMapList - ==> Parameters: 2(Long), 0(Integer), 9999(Integer)
2019-08-25 00:10:12:989 [http-nio-8080-exec-2] DEBUG c.i.o.d.UserProductMapDao.queryUserProductMapList - <==      Total: 0
2019-08-25 00:10:12:990 [http-nio-8080-exec-2] DEBUG c.i.o.d.UserProductMapDao.queryUserProductMapCount - ==>  Preparing: SELECT count(1) FROM tb_user_product_map upm, tb_person_info buyer, tb_shop s, tb_product p, tb_person_info operator WHERE upm.user_id = buyer.user_id and upm.shop_id = s.shop_id and upm.product_id =p.product_id and upm.operator_id = operator.user_id and upm.shop_id = ? 
2019-08-25 00:10:12:991 [http-nio-8080-exec-2] DEBUG c.i.o.d.UserProductMapDao.queryUserProductMapCount - ==> Parameters: 2(Long)
2019-08-25 00:10:13:22 [http-nio-8080-exec-2] DEBUG c.i.o.d.UserProductMapDao.queryUserProductMapCount - <==      Total: 1
2019-08-25 00:11:53:266 [http-nio-8080-exec-1] DEBUG c.i.o.d.UserProductMapDao.queryUserProductMapList - ==>  Preparing: SELECT upm.user_product_id, upm.create_time, upm.point, buyer.user_id, buyer.name, s.shop_id, s.shop_name, p.product_id, p.product_name, operator.user_id AS operator_id, operator.name FROM tb_user_product_map upm, tb_person_info buyer, tb_shop s, tb_product p, tb_person_info operator WHERE upm.user_id = buyer.user_id and upm.shop_id = s.shop_id and upm.product_id =p.product_id and upm.operator_id = operator.user_id and upm.shop_id = ? ORDER BY upm.create_time desc LIMIT ?,?; 
2019-08-25 00:11:53:269 [http-nio-8080-exec-1] DEBUG c.i.o.d.UserProductMapDao.queryUserProductMapList - ==> Parameters: 2(Long), 0(Integer), 9999(Integer)
2019-08-25 00:11:53:304 [http-nio-8080-exec-1] DEBUG c.i.o.d.UserProductMapDao.queryUserProductMapList - <==      Total: 0
2019-08-25 00:11:53:305 [http-nio-8080-exec-1] DEBUG c.i.o.d.UserProductMapDao.queryUserProductMapCount - ==>  Preparing: SELECT count(1) FROM tb_user_product_map upm, tb_person_info buyer, tb_shop s, tb_product p, tb_person_info operator WHERE upm.user_id = buyer.user_id and upm.shop_id = s.shop_id and upm.product_id =p.product_id and upm.operator_id = operator.user_id and upm.shop_id = ? 
2019-08-25 00:11:53:306 [http-nio-8080-exec-1] DEBUG c.i.o.d.UserProductMapDao.queryUserProductMapCount - ==> Parameters: 2(Long)
2019-08-25 00:11:53:339 [http-nio-8080-exec-1] DEBUG c.i.o.d.UserProductMapDao.queryUserProductMapCount - <==      Total: 1
2019-08-25 00:11:55:426 [http-nio-8080-exec-4] DEBUG c.i.o.d.UserProductMapDao.queryUserProductMapList - ==>  Preparing: SELECT upm.user_product_id, upm.create_time, upm.point, buyer.user_id, buyer.name, s.shop_id, s.shop_name, p.product_id, p.product_name, operator.user_id AS operator_id, operator.name FROM tb_user_product_map upm, tb_person_info buyer, tb_shop s, tb_product p, tb_person_info operator WHERE upm.user_id = buyer.user_id and upm.shop_id = s.shop_id and upm.product_id =p.product_id and upm.operator_id = operator.user_id and upm.shop_id = ? ORDER BY upm.create_time desc LIMIT ?,?; 
2019-08-25 00:11:55:427 [http-nio-8080-exec-4] DEBUG c.i.o.d.UserProductMapDao.queryUserProductMapList - ==> Parameters: 2(Long), 0(Integer), 9999(Integer)
2019-08-25 00:11:55:459 [http-nio-8080-exec-4] DEBUG c.i.o.d.UserProductMapDao.queryUserProductMapList - <==      Total: 0
2019-08-25 00:11:55:460 [http-nio-8080-exec-4] DEBUG c.i.o.d.UserProductMapDao.queryUserProductMapCount - ==>  Preparing: SELECT count(1) FROM tb_user_product_map upm, tb_person_info buyer, tb_shop s, tb_product p, tb_person_info operator WHERE upm.user_id = buyer.user_id and upm.shop_id = s.shop_id and upm.product_id =p.product_id and upm.operator_id = operator.user_id and upm.shop_id = ? 
2019-08-25 00:11:55:460 [http-nio-8080-exec-4] DEBUG c.i.o.d.UserProductMapDao.queryUserProductMapCount - ==> Parameters: 2(Long)
2019-08-25 00:11:55:492 [http-nio-8080-exec-4] DEBUG c.i.o.d.UserProductMapDao.queryUserProductMapCount - <==      Total: 1
2019-08-25 00:11:58:386 [http-nio-8080-exec-9] DEBUG c.i.o.d.UserProductMapDao.queryUserProductMapList - ==>  Preparing: SELECT upm.user_product_id, upm.create_time, upm.point, buyer.user_id, buyer.name, s.shop_id, s.shop_name, p.product_id, p.product_name, operator.user_id AS operator_id, operator.name FROM tb_user_product_map upm, tb_person_info buyer, tb_shop s, tb_product p, tb_person_info operator WHERE upm.user_id = buyer.user_id and upm.shop_id = s.shop_id and upm.product_id =p.product_id and upm.operator_id = operator.user_id and upm.shop_id = ? ORDER BY upm.create_time desc LIMIT ?,?; 
2019-08-25 00:11:58:387 [http-nio-8080-exec-9] DEBUG c.i.o.d.UserProductMapDao.queryUserProductMapList - ==> Parameters: 2(Long), 0(Integer), 9999(Integer)
2019-08-25 00:11:58:421 [http-nio-8080-exec-9] DEBUG c.i.o.d.UserProductMapDao.queryUserProductMapList - <==      Total: 0
2019-08-25 00:11:58:422 [http-nio-8080-exec-9] DEBUG c.i.o.d.UserProductMapDao.queryUserProductMapCount - ==>  Preparing: SELECT count(1) FROM tb_user_product_map upm, tb_person_info buyer, tb_shop s, tb_product p, tb_person_info operator WHERE upm.user_id = buyer.user_id and upm.shop_id = s.shop_id and upm.product_id =p.product_id and upm.operator_id = operator.user_id and upm.shop_id = ? 
2019-08-25 00:11:58:422 [http-nio-8080-exec-9] DEBUG c.i.o.d.UserProductMapDao.queryUserProductMapCount - ==> Parameters: 2(Long)
2019-08-25 00:11:58:454 [http-nio-8080-exec-9] DEBUG c.i.o.d.UserProductMapDao.queryUserProductMapCount - <==      Total: 1
2019-08-25 00:12:29:544 [http-nio-8080-exec-6] DEBUG c.i.o.d.L.queryLocalAuthByUserNameAndPwd - ==>  Preparing: SELECT l.local_auth_id, l.username, l.password, l.create_time, l.last_edit_time, p.user_id, p.name, p.profile_img, p.email, p.gender, p.enable_status, p.user_type, p.create_time, p.last_edit_time FROM tb_local_auth l LEFT JOIN tb_person_info p ON l.user_id = p.user_id WHERE l.username=? AND l.password =? 
2019-08-25 00:12:29:546 [http-nio-8080-exec-6] DEBUG c.i.o.d.L.queryLocalAuthByUserNameAndPwd - ==> Parameters: 1234(String), 50seqlsl95s52se55566sls5606ss599(String)
2019-08-25 00:12:29:580 [http-nio-8080-exec-6] DEBUG c.i.o.d.L.queryLocalAuthByUserNameAndPwd - <==      Total: 1
2019-08-25 00:12:29:712 [http-nio-8080-exec-10] DEBUG com.imooc.o2o.dao.ShopDao.queryShopList - ==>  Preparing: SELECT s.shop_id, s.shop_name, s.shop_desc, s.shop_addr, s.phone, s.shop_img, s.priority, s.create_time, s.last_edit_time, s.enable_status, s.advice, a.area_id, a.area_name, sc.shop_category_id, sc.shop_category_name FROM tb_shop s, tb_area a, tb_shop_category sc WHERE s.owner_id = ? AND s.area_id = a.area_id AND s.shop_category_id = sc.shop_category_id ORDER BY s.priority DESC LIMIT ?,?; 
2019-08-25 00:12:29:713 [http-nio-8080-exec-10] DEBUG com.imooc.o2o.dao.ShopDao.queryShopList - ==> Parameters: 1(Long), 0(Integer), 100(Integer)
2019-08-25 00:12:29:767 [http-nio-8080-exec-10] DEBUG com.imooc.o2o.dao.ShopDao.queryShopList - <==      Total: 24
2019-08-25 00:12:29:768 [http-nio-8080-exec-10] DEBUG com.imooc.o2o.dao.ShopDao.queryShopCount - ==>  Preparing: SELECT count(1) FROM tb_shop s, tb_area a, tb_shop_category sc WHERE s.owner_id = ? AND s.area_id = a.area_id AND s.shop_category_id = sc.shop_category_id 
2019-08-25 00:12:29:768 [http-nio-8080-exec-10] DEBUG com.imooc.o2o.dao.ShopDao.queryShopCount - ==> Parameters: 1(Long)
2019-08-25 00:12:29:801 [http-nio-8080-exec-10] DEBUG com.imooc.o2o.dao.ShopDao.queryShopCount - <==      Total: 1
2019-08-25 00:12:31:745 [http-nio-8080-exec-8] DEBUG c.i.o.d.UserProductMapDao.queryUserProductMapList - ==>  Preparing: SELECT upm.user_product_id, upm.create_time, upm.point, buyer.user_id, buyer.name, s.shop_id, s.shop_name, p.product_id, p.product_name, operator.user_id AS operator_id, operator.name FROM tb_user_product_map upm, tb_person_info buyer, tb_shop s, tb_product p, tb_person_info operator WHERE upm.user_id = buyer.user_id and upm.shop_id = s.shop_id and upm.product_id =p.product_id and upm.operator_id = operator.user_id and upm.shop_id = ? ORDER BY upm.create_time desc LIMIT ?,?; 
2019-08-25 00:12:31:747 [http-nio-8080-exec-8] DEBUG c.i.o.d.UserProductMapDao.queryUserProductMapList - ==> Parameters: 2(Long), 0(Integer), 9999(Integer)
2019-08-25 00:12:31:780 [http-nio-8080-exec-8] DEBUG c.i.o.d.UserProductMapDao.queryUserProductMapList - <==      Total: 0
2019-08-25 00:12:31:782 [http-nio-8080-exec-8] DEBUG c.i.o.d.UserProductMapDao.queryUserProductMapCount - ==>  Preparing: SELECT count(1) FROM tb_user_product_map upm, tb_person_info buyer, tb_shop s, tb_product p, tb_person_info operator WHERE upm.user_id = buyer.user_id and upm.shop_id = s.shop_id and upm.product_id =p.product_id and upm.operator_id = operator.user_id and upm.shop_id = ? 
2019-08-25 00:12:31:783 [http-nio-8080-exec-8] DEBUG c.i.o.d.UserProductMapDao.queryUserProductMapCount - ==> Parameters: 2(Long)
2019-08-25 00:12:31:818 [http-nio-8080-exec-8] DEBUG c.i.o.d.UserProductMapDao.queryUserProductMapCount - <==      Total: 1
2019-08-25 00:13:57:111 [http-nio-8080-exec-10] DEBUG c.i.o.d.UserProductMapDao.queryUserProductMapList - ==>  Preparing: SELECT upm.user_product_id, upm.create_time, upm.point, buyer.user_id, buyer.name, s.shop_id, s.shop_name, p.product_id, p.product_name, operator.user_id AS operator_id, operator.name FROM tb_user_product_map upm, tb_person_info buyer, tb_shop s, tb_product p, tb_person_info operator WHERE upm.user_id = buyer.user_id and upm.shop_id = s.shop_id and upm.product_id =p.product_id and upm.operator_id = operator.user_id and upm.shop_id = ? ORDER BY upm.create_time desc LIMIT ?,?; 
2019-08-25 00:13:57:113 [http-nio-8080-exec-10] DEBUG c.i.o.d.UserProductMapDao.queryUserProductMapList - ==> Parameters: 2(Long), 0(Integer), 9999(Integer)
2019-08-25 00:13:57:146 [http-nio-8080-exec-10] DEBUG c.i.o.d.UserProductMapDao.queryUserProductMapList - <==      Total: 0
2019-08-25 00:13:57:147 [http-nio-8080-exec-10] DEBUG c.i.o.d.UserProductMapDao.queryUserProductMapCount - ==>  Preparing: SELECT count(1) FROM tb_user_product_map upm, tb_person_info buyer, tb_shop s, tb_product p, tb_person_info operator WHERE upm.user_id = buyer.user_id and upm.shop_id = s.shop_id and upm.product_id =p.product_id and upm.operator_id = operator.user_id and upm.shop_id = ? 
2019-08-25 00:13:57:148 [http-nio-8080-exec-10] DEBUG c.i.o.d.UserProductMapDao.queryUserProductMapCount - ==> Parameters: 2(Long)
2019-08-25 00:13:57:181 [http-nio-8080-exec-10] DEBUG c.i.o.d.UserProductMapDao.queryUserProductMapCount - <==      Total: 1
2019-08-25 09:55:06:311 [main] DEBUG com.imooc.o2o.O2oApplication - Running with Spring Boot v2.1.7.RELEASE, Spring v5.1.9.RELEASE
2019-08-25 10:49:45:27 [http-nio-8080-exec-6] DEBUG com.imooc.o2o.dao.ShopDao.queryShopList - ==>  Preparing: SELECT s.shop_id, s.shop_name, s.shop_desc, s.shop_addr, s.phone, s.shop_img, s.priority, s.create_time, s.last_edit_time, s.enable_status, s.advice, a.area_id, a.area_name, sc.shop_category_id, sc.shop_category_name FROM tb_shop s, tb_area a, tb_shop_category sc WHERE s.enable_status = ? AND s.area_id = a.area_id AND s.shop_category_id = sc.shop_category_id ORDER BY s.priority DESC LIMIT ?,?; 
2019-08-25 10:49:46:439 [http-nio-8080-exec-6] DEBUG com.imooc.o2o.dao.ShopDao.queryShopList - ==> Parameters: 1(Integer), 0(Integer), 3(Integer)
2019-08-25 10:50:45:227 [http-nio-8080-exec-5] DEBUG com.imooc.o2o.dao.ShopDao.queryShopList - ==>  Preparing: SELECT s.shop_id, s.shop_name, s.shop_desc, s.shop_addr, s.phone, s.shop_img, s.priority, s.create_time, s.last_edit_time, s.enable_status, s.advice, a.area_id, a.area_name, sc.shop_category_id, sc.shop_category_name FROM tb_shop s, tb_area a, tb_shop_category sc WHERE s.enable_status = ? AND s.area_id = a.area_id AND s.shop_category_id = sc.shop_category_id ORDER BY s.priority DESC LIMIT ?,?; 
2019-08-25 10:50:45:229 [http-nio-8080-exec-5] DEBUG com.imooc.o2o.dao.ShopDao.queryShopList - ==> Parameters: 1(Integer), 0(Integer), 3(Integer)
2019-08-25 10:50:46:00 [http-nio-8080-exec-5] DEBUG com.imooc.o2o.dao.ShopDao.queryShopList - <==      Total: 3
2019-08-25 10:50:46:17 [http-nio-8080-exec-5] DEBUG com.imooc.o2o.dao.ShopDao.queryShopCount - ==>  Preparing: SELECT count(1) FROM tb_shop s, tb_area a, tb_shop_category sc WHERE s.enable_status = ? AND s.area_id = a.area_id AND s.shop_category_id = sc.shop_category_id 
2019-08-25 10:50:46:20 [http-nio-8080-exec-5] DEBUG com.imooc.o2o.dao.ShopDao.queryShopCount - ==> Parameters: 1(Integer)
2019-08-25 10:50:46:194 [http-nio-8080-exec-5] DEBUG com.imooc.o2o.dao.ShopDao.queryShopCount - <==      Total: 1
2019-08-25 10:50:53:307 [http-nio-8080-exec-8] DEBUG com.imooc.o2o.dao.ShopDao.queryByShopId - ==>  Preparing: SELECT s.shop_id, s.shop_name, s.shop_desc, s.shop_addr, s.phone, s.shop_img, s.priority, s.create_time, s.last_edit_time, s.enable_status, s.advice, a.area_id, a.area_name, sc.shop_category_id, sc.shop_category_name FROM tb_shop s, tb_area a, tb_shop_category sc WHERE s.area_id=a.area_id AND s.shop_category_id=sc.shop_category_id AND s.shop_id = ? 
2019-08-25 10:50:53:315 [http-nio-8080-exec-8] DEBUG com.imooc.o2o.dao.ShopDao.queryByShopId - ==> Parameters: 2(Long)
2019-08-25 10:50:53:347 [http-nio-8080-exec-7] DEBUG com.imooc.o2o.dao.ProductDao.queryProductList - ==>  Preparing: SELECT product_id, product_name, product_desc, img_addr, normal_price, promotion_price, priority, create_time, last_edit_time, enable_status, point, product_category_id, shop_id FROM tb_product WHERE shop_id = ? and enable_status = ? ORDER BY priority DESC LIMIT ?,?; 
2019-08-25 10:50:53:348 [http-nio-8080-exec-7] DEBUG com.imooc.o2o.dao.ProductDao.queryProductList - ==> Parameters: 2(Long), 1(Integer), 0(Integer), 5(Integer)
2019-08-25 10:50:53:409 [http-nio-8080-exec-8] DEBUG com.imooc.o2o.dao.ShopDao.queryByShopId - <==      Total: 1
2019-08-25 10:50:53:411 [http-nio-8080-exec-8] DEBUG c.i.o.d.P.queryProductCategoryList - ==>  Preparing: SELECT product_category_id, product_category_name, priority, create_time, shop_id FROM tb_product_category WHERE shop_id = ? ORDER BY priority DESC 
2019-08-25 10:50:53:411 [http-nio-8080-exec-8] DEBUG c.i.o.d.P.queryProductCategoryList - ==> Parameters: 2(Long)
2019-08-25 10:50:53:425 [http-nio-8080-exec-7] DEBUG com.imooc.o2o.dao.ProductDao.queryProductList - <==      Total: 1
2019-08-25 10:50:53:462 [http-nio-8080-exec-8] DEBUG c.i.o.d.P.queryProductCategoryList - <==      Total: 1
2019-08-25 10:50:53:543 [http-nio-8080-exec-7] DEBUG com.imooc.o2o.dao.ProductDao.queryProductCount - ==>  Preparing: SELECT count(1) FROM tb_product WHERE shop_id = ? and enable_status = ? 
2019-08-25 10:50:53:545 [http-nio-8080-exec-7] DEBUG com.imooc.o2o.dao.ProductDao.queryProductCount - ==> Parameters: 2(Long), 1(Integer)
2019-08-25 10:50:53:591 [http-nio-8080-exec-7] DEBUG com.imooc.o2o.dao.ProductDao.queryProductCount - <==      Total: 1
2019-08-25 10:51:49:11 [http-nio-8080-exec-9] DEBUG com.imooc.o2o.dao.ShopDao.queryByShopId - ==>  Preparing: SELECT s.shop_id, s.shop_name, s.shop_desc, s.shop_addr, s.phone, s.shop_img, s.priority, s.create_time, s.last_edit_time, s.enable_status, s.advice, a.area_id, a.area_name, sc.shop_category_id, sc.shop_category_name FROM tb_shop s, tb_area a, tb_shop_category sc WHERE s.area_id=a.area_id AND s.shop_category_id=sc.shop_category_id AND s.shop_id = ? 
2019-08-25 10:51:49:12 [http-nio-8080-exec-9] DEBUG com.imooc.o2o.dao.ShopDao.queryByShopId - ==> Parameters: 2(Long)
2019-08-25 10:51:49:34 [http-nio-8080-exec-7] DEBUG com.imooc.o2o.dao.ProductDao.queryProductList - ==>  Preparing: SELECT product_id, product_name, product_desc, img_addr, normal_price, promotion_price, priority, create_time, last_edit_time, enable_status, point, product_category_id, shop_id FROM tb_product WHERE shop_id = ? and enable_status = ? ORDER BY priority DESC LIMIT ?,?; 
2019-08-25 10:51:49:36 [http-nio-8080-exec-7] DEBUG com.imooc.o2o.dao.ProductDao.queryProductList - ==> Parameters: 2(Long), 1(Integer), 0(Integer), 5(Integer)
2019-08-25 10:51:49:55 [http-nio-8080-exec-9] DEBUG com.imooc.o2o.dao.ShopDao.queryByShopId - <==      Total: 1
2019-08-25 10:51:49:56 [http-nio-8080-exec-9] DEBUG c.i.o.d.P.queryProductCategoryList - ==>  Preparing: SELECT product_category_id, product_category_name, priority, create_time, shop_id FROM tb_product_category WHERE shop_id = ? ORDER BY priority DESC 
2019-08-25 10:51:49:57 [http-nio-8080-exec-9] DEBUG c.i.o.d.P.queryProductCategoryList - ==> Parameters: 2(Long)
2019-08-25 10:51:49:70 [http-nio-8080-exec-7] DEBUG com.imooc.o2o.dao.ProductDao.queryProductList - <==      Total: 1
2019-08-25 10:51:49:72 [http-nio-8080-exec-7] DEBUG com.imooc.o2o.dao.ProductDao.queryProductCount - ==>  Preparing: SELECT count(1) FROM tb_product WHERE shop_id = ? and enable_status = ? 
2019-08-25 10:51:49:72 [http-nio-8080-exec-7] DEBUG com.imooc.o2o.dao.ProductDao.queryProductCount - ==> Parameters: 2(Long), 1(Integer)
2019-08-25 10:51:49:90 [http-nio-8080-exec-9] DEBUG c.i.o.d.P.queryProductCategoryList - <==      Total: 1
2019-08-25 10:51:49:104 [http-nio-8080-exec-7] DEBUG com.imooc.o2o.dao.ProductDao.queryProductCount - <==      Total: 1
2019-08-25 10:52:48:292 [http-nio-8080-exec-1] DEBUG com.imooc.o2o.dao.ShopDao.queryByShopId - ==>  Preparing: SELECT s.shop_id, s.shop_name, s.shop_desc, s.shop_addr, s.phone, s.shop_img, s.priority, s.create_time, s.last_edit_time, s.enable_status, s.advice, a.area_id, a.area_name, sc.shop_category_id, sc.shop_category_name FROM tb_shop s, tb_area a, tb_shop_category sc WHERE s.area_id=a.area_id AND s.shop_category_id=sc.shop_category_id AND s.shop_id = ? 
2019-08-25 10:52:48:322 [http-nio-8080-exec-1] DEBUG com.imooc.o2o.dao.ShopDao.queryByShopId - ==> Parameters: 2(Long)
2019-08-25 10:52:48:336 [http-nio-8080-exec-10] DEBUG com.imooc.o2o.dao.ProductDao.queryProductList - ==>  Preparing: SELECT product_id, product_name, product_desc, img_addr, normal_price, promotion_price, priority, create_time, last_edit_time, enable_status, point, product_category_id, shop_id FROM tb_product WHERE shop_id = ? and enable_status = ? ORDER BY priority DESC LIMIT ?,?; 
2019-08-25 10:52:48:338 [http-nio-8080-exec-10] DEBUG com.imooc.o2o.dao.ProductDao.queryProductList - ==> Parameters: 2(Long), 1(Integer), 0(Integer), 5(Integer)
2019-08-25 10:52:48:356 [http-nio-8080-exec-1] DEBUG com.imooc.o2o.dao.ShopDao.queryByShopId - <==      Total: 1
2019-08-25 10:52:48:359 [http-nio-8080-exec-1] DEBUG c.i.o.d.P.queryProductCategoryList - ==>  Preparing: SELECT product_category_id, product_category_name, priority, create_time, shop_id FROM tb_product_category WHERE shop_id = ? ORDER BY priority DESC 
2019-08-25 10:52:48:360 [http-nio-8080-exec-1] DEBUG c.i.o.d.P.queryProductCategoryList - ==> Parameters: 2(Long)
2019-08-25 10:52:48:373 [http-nio-8080-exec-10] DEBUG com.imooc.o2o.dao.ProductDao.queryProductList - <==      Total: 1
2019-08-25 10:52:48:405 [http-nio-8080-exec-10] DEBUG com.imooc.o2o.dao.ProductDao.queryProductCount - ==>  Preparing: SELECT count(1) FROM tb_product WHERE shop_id = ? and enable_status = ? 
2019-08-25 10:52:48:406 [http-nio-8080-exec-10] DEBUG com.imooc.o2o.dao.ProductDao.queryProductCount - ==> Parameters: 2(Long), 1(Integer)
2019-08-25 10:52:48:409 [http-nio-8080-exec-1] DEBUG c.i.o.d.P.queryProductCategoryList - <==      Total: 1
2019-08-25 10:52:48:438 [http-nio-8080-exec-10] DEBUG com.imooc.o2o.dao.ProductDao.queryProductCount - <==      Total: 1
2019-08-25 10:54:27:661 [http-nio-8080-exec-4] DEBUG com.imooc.o2o.dao.ShopDao.queryByShopId - ==>  Preparing: SELECT s.shop_id, s.shop_name, s.shop_desc, s.shop_addr, s.phone, s.shop_img, s.priority, s.create_time, s.last_edit_time, s.enable_status, s.advice, a.area_id, a.area_name, sc.shop_category_id, sc.shop_category_name FROM tb_shop s, tb_area a, tb_shop_category sc WHERE s.area_id=a.area_id AND s.shop_category_id=sc.shop_category_id AND s.shop_id = ? 
2019-08-25 10:54:27:664 [http-nio-8080-exec-4] DEBUG com.imooc.o2o.dao.ShopDao.queryByShopId - ==> Parameters: 2(Long)
2019-08-25 10:54:27:670 [http-nio-8080-exec-1] DEBUG com.imooc.o2o.dao.ProductDao.queryProductList - ==>  Preparing: SELECT product_id, product_name, product_desc, img_addr, normal_price, promotion_price, priority, create_time, last_edit_time, enable_status, point, product_category_id, shop_id FROM tb_product WHERE shop_id = ? and enable_status = ? ORDER BY priority DESC LIMIT ?,?; 
2019-08-25 10:54:27:671 [http-nio-8080-exec-1] DEBUG com.imooc.o2o.dao.ProductDao.queryProductList - ==> Parameters: 2(Long), 1(Integer), 0(Integer), 5(Integer)
2019-08-25 10:54:27:743 [http-nio-8080-exec-4] DEBUG com.imooc.o2o.dao.ShopDao.queryByShopId - <==      Total: 1
2019-08-25 10:54:27:744 [http-nio-8080-exec-4] DEBUG c.i.o.d.P.queryProductCategoryList - ==>  Preparing: SELECT product_category_id, product_category_name, priority, create_time, shop_id FROM tb_product_category WHERE shop_id = ? ORDER BY priority DESC 
2019-08-25 10:54:27:745 [http-nio-8080-exec-4] DEBUG c.i.o.d.P.queryProductCategoryList - ==> Parameters: 2(Long)
2019-08-25 10:54:27:747 [http-nio-8080-exec-1] DEBUG com.imooc.o2o.dao.ProductDao.queryProductList - <==      Total: 1
2019-08-25 10:54:27:753 [http-nio-8080-exec-1] DEBUG com.imooc.o2o.dao.ProductDao.queryProductCount - ==>  Preparing: SELECT count(1) FROM tb_product WHERE shop_id = ? and enable_status = ? 
2019-08-25 10:54:27:755 [http-nio-8080-exec-1] DEBUG com.imooc.o2o.dao.ProductDao.queryProductCount - ==> Parameters: 2(Long), 1(Integer)
2019-08-25 10:54:27:809 [http-nio-8080-exec-4] DEBUG c.i.o.d.P.queryProductCategoryList - <==      Total: 1
2019-08-25 10:55:07:300 [http-nio-8080-exec-3] DEBUG com.imooc.o2o.dao.ProductDao.queryProductList - ==>  Preparing: SELECT product_id, product_name, product_desc, img_addr, normal_price, promotion_price, priority, create_time, last_edit_time, enable_status, point, product_category_id, shop_id FROM tb_product WHERE shop_id = ? and enable_status = ? ORDER BY priority DESC LIMIT ?,?; 
2019-08-25 10:55:07:301 [http-nio-8080-exec-3] DEBUG com.imooc.o2o.dao.ProductDao.queryProductList - ==> Parameters: 2(Long), 1(Integer), 0(Integer), 5(Integer)
2019-08-25 10:55:07:326 [http-nio-8080-exec-6] DEBUG com.imooc.o2o.dao.ShopDao.queryByShopId - ==>  Preparing: SELECT s.shop_id, s.shop_name, s.shop_desc, s.shop_addr, s.phone, s.shop_img, s.priority, s.create_time, s.last_edit_time, s.enable_status, s.advice, a.area_id, a.area_name, sc.shop_category_id, sc.shop_category_name FROM tb_shop s, tb_area a, tb_shop_category sc WHERE s.area_id=a.area_id AND s.shop_category_id=sc.shop_category_id AND s.shop_id = ? 
2019-08-25 10:55:07:327 [http-nio-8080-exec-6] DEBUG com.imooc.o2o.dao.ShopDao.queryByShopId - ==> Parameters: 2(Long)
2019-08-25 10:55:07:336 [http-nio-8080-exec-3] DEBUG com.imooc.o2o.dao.ProductDao.queryProductList - <==      Total: 1
2019-08-25 10:55:07:337 [http-nio-8080-exec-3] DEBUG com.imooc.o2o.dao.ProductDao.queryProductCount - ==>  Preparing: SELECT count(1) FROM tb_product WHERE shop_id = ? and enable_status = ? 
2019-08-25 10:55:07:338 [http-nio-8080-exec-3] DEBUG com.imooc.o2o.dao.ProductDao.queryProductCount - ==> Parameters: 2(Long), 1(Integer)
2019-08-25 10:55:07:363 [http-nio-8080-exec-6] DEBUG com.imooc.o2o.dao.ShopDao.queryByShopId - <==      Total: 1
2019-08-25 10:55:07:364 [http-nio-8080-exec-6] DEBUG c.i.o.d.P.queryProductCategoryList - ==>  Preparing: SELECT product_category_id, product_category_name, priority, create_time, shop_id FROM tb_product_category WHERE shop_id = ? ORDER BY priority DESC 
2019-08-25 10:55:07:364 [http-nio-8080-exec-6] DEBUG c.i.o.d.P.queryProductCategoryList - ==> Parameters: 2(Long)
2019-08-25 10:55:07:435 [http-nio-8080-exec-3] DEBUG com.imooc.o2o.dao.ProductDao.queryProductCount - <==      Total: 1
2019-08-25 10:55:07:436 [http-nio-8080-exec-6] DEBUG c.i.o.d.P.queryProductCategoryList - <==      Total: 1
2019-08-25 11:21:12:904 [main] DEBUG com.imooc.o2o.O2oApplication - Running with Spring Boot v2.1.7.RELEASE, Spring v5.1.9.RELEASE
2019-08-25 11:22:10:586 [http-nio-8080-exec-1] DEBUG com.imooc.o2o.dao.ShopDao.queryShopList - ==>  Preparing: SELECT s.shop_id, s.shop_name, s.shop_desc, s.shop_addr, s.phone, s.shop_img, s.priority, s.create_time, s.last_edit_time, s.enable_status, s.advice, a.area_id, a.area_name, sc.shop_category_id, sc.shop_category_name FROM tb_shop s, tb_area a, tb_shop_category sc WHERE s.enable_status = ? AND s.area_id = a.area_id AND s.shop_category_id = sc.shop_category_id ORDER BY s.priority DESC LIMIT ?,?; 
2019-08-25 11:22:10:692 [http-nio-8080-exec-1] DEBUG com.imooc.o2o.dao.ShopDao.queryShopList - ==> Parameters: 1(Integer), 0(Integer), 3(Integer)
2019-08-25 11:22:10:779 [http-nio-8080-exec-1] DEBUG com.imooc.o2o.dao.ShopDao.queryShopList - <==      Total: 3
2019-08-25 11:22:10:792 [http-nio-8080-exec-1] DEBUG com.imooc.o2o.dao.ShopDao.queryShopCount - ==>  Preparing: SELECT count(1) FROM tb_shop s, tb_area a, tb_shop_category sc WHERE s.enable_status = ? AND s.area_id = a.area_id AND s.shop_category_id = sc.shop_category_id 
2019-08-25 11:22:10:792 [http-nio-8080-exec-1] DEBUG com.imooc.o2o.dao.ShopDao.queryShopCount - ==> Parameters: 1(Integer)
2019-08-25 11:22:10:824 [http-nio-8080-exec-1] DEBUG com.imooc.o2o.dao.ShopDao.queryShopCount - <==      Total: 1
2019-08-25 11:22:12:640 [http-nio-8080-exec-8] DEBUG com.imooc.o2o.dao.ShopDao.queryByShopId - ==>  Preparing: SELECT s.shop_id, s.shop_name, s.shop_desc, s.shop_addr, s.phone, s.shop_img, s.priority, s.create_time, s.last_edit_time, s.enable_status, s.advice, a.area_id, a.area_name, sc.shop_category_id, sc.shop_category_name FROM tb_shop s, tb_area a, tb_shop_category sc WHERE s.area_id=a.area_id AND s.shop_category_id=sc.shop_category_id AND s.shop_id = ? 
2019-08-25 11:22:12:641 [http-nio-8080-exec-8] DEBUG com.imooc.o2o.dao.ShopDao.queryByShopId - ==> Parameters: 2(Long)
2019-08-25 11:22:12:659 [http-nio-8080-exec-5] DEBUG com.imooc.o2o.dao.ProductDao.queryProductList - ==>  Preparing: SELECT product_id, product_name, product_desc, img_addr, normal_price, promotion_price, priority, create_time, last_edit_time, enable_status, point, product_category_id, shop_id FROM tb_product WHERE shop_id = ? and enable_status = ? ORDER BY priority DESC LIMIT ?,?; 
2019-08-25 11:22:12:661 [http-nio-8080-exec-5] DEBUG com.imooc.o2o.dao.ProductDao.queryProductList - ==> Parameters: 2(Long), 1(Integer), 0(Integer), 5(Integer)
2019-08-25 11:22:12:680 [http-nio-8080-exec-8] DEBUG com.imooc.o2o.dao.ShopDao.queryByShopId - <==      Total: 1
2019-08-25 11:22:12:683 [http-nio-8080-exec-8] DEBUG c.i.o.d.P.queryProductCategoryList - ==>  Preparing: SELECT product_category_id, product_category_name, priority, create_time, shop_id FROM tb_product_category WHERE shop_id = ? ORDER BY priority DESC 
2019-08-25 11:22:12:686 [http-nio-8080-exec-8] DEBUG c.i.o.d.P.queryProductCategoryList - ==> Parameters: 2(Long)
2019-08-25 11:22:12:706 [http-nio-8080-exec-5] DEBUG com.imooc.o2o.dao.ProductDao.queryProductList - <==      Total: 1
2019-08-25 11:22:12:713 [http-nio-8080-exec-5] DEBUG com.imooc.o2o.dao.ProductDao.queryProductCount - ==>  Preparing: SELECT count(1) FROM tb_product WHERE shop_id = ? and enable_status = ? 
2019-08-25 11:22:12:714 [http-nio-8080-exec-5] DEBUG com.imooc.o2o.dao.ProductDao.queryProductCount - ==> Parameters: 2(Long), 1(Integer)
2019-08-25 11:22:12:723 [http-nio-8080-exec-8] DEBUG c.i.o.d.P.queryProductCategoryList - <==      Total: 1
2019-08-25 11:22:12:746 [http-nio-8080-exec-5] DEBUG com.imooc.o2o.dao.ProductDao.queryProductCount - <==      Total: 1
2019-08-25 11:22:19:997 [http-nio-8080-exec-5] DEBUG com.imooc.o2o.dao.ProductDao.queryProductList - ==>  Preparing: SELECT product_id, product_name, product_desc, img_addr, normal_price, promotion_price, priority, create_time, last_edit_time, enable_status, point, product_category_id, shop_id FROM tb_product WHERE shop_id = ? and enable_status = ? ORDER BY priority DESC LIMIT ?,?; 
2019-08-25 11:22:19:999 [http-nio-8080-exec-5] DEBUG com.imooc.o2o.dao.ProductDao.queryProductList - ==> Parameters: 2(Long), 1(Integer), 5(Integer), 5(Integer)
2019-08-25 11:22:20:31 [http-nio-8080-exec-5] DEBUG com.imooc.o2o.dao.ProductDao.queryProductList - <==      Total: 0
2019-08-25 11:22:20:35 [http-nio-8080-exec-5] DEBUG com.imooc.o2o.dao.ProductDao.queryProductCount - ==>  Preparing: SELECT count(1) FROM tb_product WHERE shop_id = ? and enable_status = ? 
2019-08-25 11:22:20:37 [http-nio-8080-exec-5] DEBUG com.imooc.o2o.dao.ProductDao.queryProductCount - ==> Parameters: 2(Long), 1(Integer)
2019-08-25 11:22:20:72 [http-nio-8080-exec-5] DEBUG com.imooc.o2o.dao.ProductDao.queryProductCount - <==      Total: 1
2019-08-25 11:22:20:146 [http-nio-8080-exec-3] DEBUG com.imooc.o2o.dao.ProductDao.queryProductList - ==>  Preparing: SELECT product_id, product_name, product_desc, img_addr, normal_price, promotion_price, priority, create_time, last_edit_time, enable_status, point, product_category_id, shop_id FROM tb_product WHERE shop_id = ? and enable_status = ? ORDER BY priority DESC LIMIT ?,?; 
2019-08-25 11:22:20:147 [http-nio-8080-exec-3] DEBUG com.imooc.o2o.dao.ProductDao.queryProductList - ==> Parameters: 2(Long), 1(Integer), 10(Integer), 5(Integer)
2019-08-25 11:22:20:180 [http-nio-8080-exec-3] DEBUG com.imooc.o2o.dao.ProductDao.queryProductList - <==      Total: 0
2019-08-25 11:22:20:182 [http-nio-8080-exec-3] DEBUG com.imooc.o2o.dao.ProductDao.queryProductCount - ==>  Preparing: SELECT count(1) FROM tb_product WHERE shop_id = ? and enable_status = ? 
2019-08-25 11:22:20:192 [http-nio-8080-exec-3] DEBUG com.imooc.o2o.dao.ProductDao.queryProductCount - ==> Parameters: 2(Long), 1(Integer)
2019-08-25 11:22:20:224 [http-nio-8080-exec-3] DEBUG com.imooc.o2o.dao.ProductDao.queryProductCount - <==      Total: 1
2019-08-25 11:22:22:619 [http-nio-8080-exec-7] DEBUG com.imooc.o2o.dao.ProductDao.queryProductList - ==>  Preparing: SELECT product_id, product_name, product_desc, img_addr, normal_price, promotion_price, priority, create_time, last_edit_time, enable_status, point, product_category_id, shop_id FROM tb_product WHERE shop_id = ? and enable_status = ? ORDER BY priority DESC LIMIT ?,?; 
2019-08-25 11:22:22:620 [http-nio-8080-exec-7] DEBUG com.imooc.o2o.dao.ProductDao.queryProductList - ==> Parameters: 2(Long), 1(Integer), 15(Integer), 5(Integer)
2019-08-25 11:22:22:658 [http-nio-8080-exec-7] DEBUG com.imooc.o2o.dao.ProductDao.queryProductList - <==      Total: 0
2019-08-25 11:22:22:660 [http-nio-8080-exec-7] DEBUG com.imooc.o2o.dao.ProductDao.queryProductCount - ==>  Preparing: SELECT count(1) FROM tb_product WHERE shop_id = ? and enable_status = ? 
2019-08-25 11:22:22:660 [http-nio-8080-exec-7] DEBUG com.imooc.o2o.dao.ProductDao.queryProductCount - ==> Parameters: 2(Long), 1(Integer)
2019-08-25 11:22:22:693 [http-nio-8080-exec-7] DEBUG com.imooc.o2o.dao.ProductDao.queryProductCount - <==      Total: 1
2019-08-25 11:22:22:732 [http-nio-8080-exec-1] DEBUG com.imooc.o2o.dao.ProductDao.queryProductList - ==>  Preparing: SELECT product_id, product_name, product_desc, img_addr, normal_price, promotion_price, priority, create_time, last_edit_time, enable_status, point, product_category_id, shop_id FROM tb_product WHERE shop_id = ? and enable_status = ? ORDER BY priority DESC LIMIT ?,?; 
2019-08-25 11:22:22:734 [http-nio-8080-exec-1] DEBUG com.imooc.o2o.dao.ProductDao.queryProductList - ==> Parameters: 2(Long), 1(Integer), 20(Integer), 5(Integer)
2019-08-25 11:22:22:773 [http-nio-8080-exec-1] DEBUG com.imooc.o2o.dao.ProductDao.queryProductList - <==      Total: 0
2019-08-25 11:22:22:775 [http-nio-8080-exec-1] DEBUG com.imooc.o2o.dao.ProductDao.queryProductCount - ==>  Preparing: SELECT count(1) FROM tb_product WHERE shop_id = ? and enable_status = ? 
2019-08-25 11:22:22:776 [http-nio-8080-exec-1] DEBUG com.imooc.o2o.dao.ProductDao.queryProductCount - ==> Parameters: 2(Long), 1(Integer)
2019-08-25 11:22:22:810 [http-nio-8080-exec-1] DEBUG com.imooc.o2o.dao.ProductDao.queryProductCount - <==      Total: 1
2019-08-25 11:22:23:727 [http-nio-8080-exec-10] DEBUG com.imooc.o2o.dao.ProductDao.queryProductList - ==>  Preparing: SELECT product_id, product_name, product_desc, img_addr, normal_price, promotion_price, priority, create_time, last_edit_time, enable_status, point, product_category_id, shop_id FROM tb_product WHERE shop_id = ? and enable_status = ? ORDER BY priority DESC LIMIT ?,?; 
2019-08-25 11:22:23:728 [http-nio-8080-exec-10] DEBUG com.imooc.o2o.dao.ProductDao.queryProductList - ==> Parameters: 2(Long), 1(Integer), 25(Integer), 5(Integer)
2019-08-25 11:22:23:760 [http-nio-8080-exec-10] DEBUG com.imooc.o2o.dao.ProductDao.queryProductList - <==      Total: 0
2019-08-25 11:22:23:762 [http-nio-8080-exec-10] DEBUG com.imooc.o2o.dao.ProductDao.queryProductCount - ==>  Preparing: SELECT count(1) FROM tb_product WHERE shop_id = ? and enable_status = ? 
2019-08-25 11:22:23:764 [http-nio-8080-exec-10] DEBUG com.imooc.o2o.dao.ProductDao.queryProductCount - ==> Parameters: 2(Long), 1(Integer)
2019-08-25 11:22:23:805 [http-nio-8080-exec-10] DEBUG com.imooc.o2o.dao.ProductDao.queryProductCount - <==      Total: 1
2019-08-25 11:22:23:864 [http-nio-8080-exec-9] DEBUG com.imooc.o2o.dao.ProductDao.queryProductList - ==>  Preparing: SELECT product_id, product_name, product_desc, img_addr, normal_price, promotion_price, priority, create_time, last_edit_time, enable_status, point, product_category_id, shop_id FROM tb_product WHERE shop_id = ? and enable_status = ? ORDER BY priority DESC LIMIT ?,?; 
2019-08-25 11:22:23:866 [http-nio-8080-exec-9] DEBUG com.imooc.o2o.dao.ProductDao.queryProductList - ==> Parameters: 2(Long), 1(Integer), 30(Integer), 5(Integer)
2019-08-25 11:22:23:902 [http-nio-8080-exec-9] DEBUG com.imooc.o2o.dao.ProductDao.queryProductList - <==      Total: 0
2019-08-25 11:22:23:906 [http-nio-8080-exec-9] DEBUG com.imooc.o2o.dao.ProductDao.queryProductCount - ==>  Preparing: SELECT count(1) FROM tb_product WHERE shop_id = ? and enable_status = ? 
2019-08-25 11:22:23:911 [http-nio-8080-exec-9] DEBUG com.imooc.o2o.dao.ProductDao.queryProductCount - ==> Parameters: 2(Long), 1(Integer)
2019-08-25 11:22:23:945 [http-nio-8080-exec-9] DEBUG com.imooc.o2o.dao.ProductDao.queryProductCount - <==      Total: 1
2019-08-25 11:39:25:773 [http-nio-8080-exec-6] DEBUG c.i.o.d.L.queryLocalAuthByUserNameAndPwd - ==>  Preparing: SELECT l.local_auth_id, l.username, l.password, l.create_time, l.last_edit_time, p.user_id, p.name, p.profile_img, p.email, p.gender, p.enable_status, p.user_type, p.create_time, p.last_edit_time FROM tb_local_auth l LEFT JOIN tb_person_info p ON l.user_id = p.user_id WHERE l.username=? AND l.password =? 
2019-08-25 11:39:25:775 [http-nio-8080-exec-6] DEBUG c.i.o.d.L.queryLocalAuthByUserNameAndPwd - ==> Parameters: 1234(String), 50seqlsl95s52se55566sls5606ss599(String)
2019-08-25 11:39:25:810 [http-nio-8080-exec-6] DEBUG c.i.o.d.L.queryLocalAuthByUserNameAndPwd - <==      Total: 1
2019-08-25 11:39:26:79 [http-nio-8080-exec-3] DEBUG com.imooc.o2o.dao.ShopDao.queryShopList - ==>  Preparing: SELECT s.shop_id, s.shop_name, s.shop_desc, s.shop_addr, s.phone, s.shop_img, s.priority, s.create_time, s.last_edit_time, s.enable_status, s.advice, a.area_id, a.area_name, sc.shop_category_id, sc.shop_category_name FROM tb_shop s, tb_area a, tb_shop_category sc WHERE s.owner_id = ? AND s.area_id = a.area_id AND s.shop_category_id = sc.shop_category_id ORDER BY s.priority DESC LIMIT ?,?; 
2019-08-25 11:39:26:80 [http-nio-8080-exec-3] DEBUG com.imooc.o2o.dao.ShopDao.queryShopList - ==> Parameters: 1(Long), 0(Integer), 100(Integer)
2019-08-25 11:39:26:135 [http-nio-8080-exec-3] DEBUG com.imooc.o2o.dao.ShopDao.queryShopList - <==      Total: 24
2019-08-25 11:39:26:136 [http-nio-8080-exec-3] DEBUG com.imooc.o2o.dao.ShopDao.queryShopCount - ==>  Preparing: SELECT count(1) FROM tb_shop s, tb_area a, tb_shop_category sc WHERE s.owner_id = ? AND s.area_id = a.area_id AND s.shop_category_id = sc.shop_category_id 
2019-08-25 11:39:26:136 [http-nio-8080-exec-3] DEBUG com.imooc.o2o.dao.ShopDao.queryShopCount - ==> Parameters: 1(Long)
2019-08-25 11:39:26:167 [http-nio-8080-exec-3] DEBUG com.imooc.o2o.dao.ShopDao.queryShopCount - <==      Total: 1
2019-08-25 11:40:45:436 [http-nio-8080-exec-7] DEBUG c.i.o.d.L.queryLocalAuthByUserNameAndPwd - ==>  Preparing: SELECT l.local_auth_id, l.username, l.password, l.create_time, l.last_edit_time, p.user_id, p.name, p.profile_img, p.email, p.gender, p.enable_status, p.user_type, p.create_time, p.last_edit_time FROM tb_local_auth l LEFT JOIN tb_person_info p ON l.user_id = p.user_id WHERE l.username=? AND l.password =? 
2019-08-25 11:40:45:437 [http-nio-8080-exec-7] DEBUG c.i.o.d.L.queryLocalAuthByUserNameAndPwd - ==> Parameters: 1234(String), 50seqlsl95s52se55566sls5606ss599(String)
2019-08-25 11:40:45:470 [http-nio-8080-exec-7] DEBUG c.i.o.d.L.queryLocalAuthByUserNameAndPwd - <==      Total: 1
2019-08-25 11:40:45:720 [http-nio-8080-exec-6] DEBUG com.imooc.o2o.dao.ShopDao.queryShopList - ==>  Preparing: SELECT s.shop_id, s.shop_name, s.shop_desc, s.shop_addr, s.phone, s.shop_img, s.priority, s.create_time, s.last_edit_time, s.enable_status, s.advice, a.area_id, a.area_name, sc.shop_category_id, sc.shop_category_name FROM tb_shop s, tb_area a, tb_shop_category sc WHERE s.owner_id = ? AND s.area_id = a.area_id AND s.shop_category_id = sc.shop_category_id ORDER BY s.priority DESC LIMIT ?,?; 
2019-08-25 11:40:45:720 [http-nio-8080-exec-6] DEBUG com.imooc.o2o.dao.ShopDao.queryShopList - ==> Parameters: 1(Long), 0(Integer), 100(Integer)
2019-08-25 11:40:45:783 [http-nio-8080-exec-6] DEBUG com.imooc.o2o.dao.ShopDao.queryShopList - <==      Total: 24
2019-08-25 11:40:45:784 [http-nio-8080-exec-6] DEBUG com.imooc.o2o.dao.ShopDao.queryShopCount - ==>  Preparing: SELECT count(1) FROM tb_shop s, tb_area a, tb_shop_category sc WHERE s.owner_id = ? AND s.area_id = a.area_id AND s.shop_category_id = sc.shop_category_id 
2019-08-25 11:40:45:784 [http-nio-8080-exec-6] DEBUG com.imooc.o2o.dao.ShopDao.queryShopCount - ==> Parameters: 1(Long)
2019-08-25 11:40:45:816 [http-nio-8080-exec-6] DEBUG com.imooc.o2o.dao.ShopDao.queryShopCount - <==      Total: 1
2019-08-25 11:41:49:459 [http-nio-8080-exec-8] DEBUG com.imooc.o2o.dao.ShopDao.queryShopList - ==>  Preparing: SELECT s.shop_id, s.shop_name, s.shop_desc, s.shop_addr, s.phone, s.shop_img, s.priority, s.create_time, s.last_edit_time, s.enable_status, s.advice, a.area_id, a.area_name, sc.shop_category_id, sc.shop_category_name FROM tb_shop s, tb_area a, tb_shop_category sc WHERE s.owner_id = ? AND s.area_id = a.area_id AND s.shop_category_id = sc.shop_category_id ORDER BY s.priority DESC LIMIT ?,?; 
2019-08-25 11:41:49:463 [http-nio-8080-exec-8] DEBUG com.imooc.o2o.dao.ShopDao.queryShopList - ==> Parameters: 1(Long), 0(Integer), 100(Integer)
2019-08-25 11:41:49:502 [http-nio-8080-exec-8] DEBUG com.imooc.o2o.dao.ShopDao.queryShopList - <==      Total: 24
2019-08-25 11:41:49:503 [http-nio-8080-exec-8] DEBUG com.imooc.o2o.dao.ShopDao.queryShopCount - ==>  Preparing: SELECT count(1) FROM tb_shop s, tb_area a, tb_shop_category sc WHERE s.owner_id = ? AND s.area_id = a.area_id AND s.shop_category_id = sc.shop_category_id 
2019-08-25 11:41:49:503 [http-nio-8080-exec-8] DEBUG com.imooc.o2o.dao.ShopDao.queryShopCount - ==> Parameters: 1(Long)
2019-08-25 11:41:49:535 [http-nio-8080-exec-8] DEBUG com.imooc.o2o.dao.ShopDao.queryShopCount - <==      Total: 1
2019-08-25 11:43:25:427 [main] DEBUG com.imooc.o2o.O2oApplication - Running with Spring Boot v2.1.7.RELEASE, Spring v5.1.9.RELEASE
2019-08-25 11:43:59:286 [http-nio-8080-exec-1] DEBUG c.i.o.d.L.queryLocalAuthByUserNameAndPwd - ==>  Preparing: SELECT l.local_auth_id, l.username, l.password, l.create_time, l.last_edit_time, p.user_id, p.name, p.profile_img, p.email, p.gender, p.enable_status, p.user_type, p.create_time, p.last_edit_time FROM tb_local_auth l LEFT JOIN tb_person_info p ON l.user_id = p.user_id WHERE l.username=? AND l.password =? 
2019-08-25 11:43:59:764 [http-nio-8080-exec-1] DEBUG c.i.o.d.L.queryLocalAuthByUserNameAndPwd - ==> Parameters: 1234(String), 50seqlsl95s52se55566sls5606ss599(String)
2019-08-25 11:43:59:852 [http-nio-8080-exec-1] DEBUG c.i.o.d.L.queryLocalAuthByUserNameAndPwd - <==      Total: 1
2019-08-25 11:44:00:169 [http-nio-8080-exec-6] DEBUG com.imooc.o2o.dao.ShopDao.queryShopList - ==>  Preparing: SELECT s.shop_id, s.shop_name, s.shop_desc, s.shop_addr, s.phone, s.shop_img, s.priority, s.create_time, s.last_edit_time, s.enable_status, s.advice, a.area_id, a.area_name, sc.shop_category_id, sc.shop_category_name FROM tb_shop s, tb_area a, tb_shop_category sc WHERE s.owner_id = ? AND s.area_id = a.area_id AND s.shop_category_id = sc.shop_category_id ORDER BY s.priority DESC LIMIT ?,?; 
2019-08-25 11:44:00:170 [http-nio-8080-exec-6] DEBUG com.imooc.o2o.dao.ShopDao.queryShopList - ==> Parameters: 1(Long), 0(Integer), 100(Integer)
2019-08-25 11:44:00:241 [http-nio-8080-exec-6] DEBUG com.imooc.o2o.dao.ShopDao.queryShopList - <==      Total: 24
2019-08-25 11:44:00:242 [http-nio-8080-exec-6] DEBUG com.imooc.o2o.dao.ShopDao.queryShopCount - ==>  Preparing: SELECT count(1) FROM tb_shop s, tb_area a, tb_shop_category sc WHERE s.owner_id = ? AND s.area_id = a.area_id AND s.shop_category_id = sc.shop_category_id 
2019-08-25 11:44:00:243 [http-nio-8080-exec-6] DEBUG com.imooc.o2o.dao.ShopDao.queryShopCount - ==> Parameters: 1(Long)
2019-08-25 11:44:00:276 [http-nio-8080-exec-6] DEBUG com.imooc.o2o.dao.ShopDao.queryShopCount - <==      Total: 1
2019-08-25 11:44:03:149 [http-nio-8080-exec-2] DEBUG c.i.o2o.dao.UserShopMapDao.queryUserShopMapList - ==>  Preparing: SELECT usm.user_shop_id, usm.create_time, usm.point buyer.user_id, buyer.name, s.shop_id, s.shop_name FROM tb_user_shop_map usm, tb_person_info buyer, tb_shop s WHERE usm.user_id = buyer.user_id and usm.shop_id = s.shop_id and usm.shop_id = ? LIMIT ?,?; 
2019-08-25 11:44:03:153 [http-nio-8080-exec-2] DEBUG c.i.o2o.dao.UserShopMapDao.queryUserShopMapList - ==> Parameters: 2(Long), 0(Integer), 9999(Integer)
